{"C:\\Users\\ecituk\\Videos\\frontend-path\\testing-library\\src\\stats.ts": {"path":"C:\\Users\\ecituk\\Videos\\frontend-path\\testing-library\\src\\stats.ts","statementMap":{"0":{"start":{"line":2,"column":1},"end":{"line":2,"column":66}},"1":{"start":{"line":2,"column":46},"end":{"line":2,"column":64}},"2":{"start":{"line":1,"column":0},"end":{"line":1,"column":16}},"3":{"start":{"line":6,"column":1},"end":{"line":6,"column":38}},"4":{"start":{"line":5,"column":0},"end":{"line":5,"column":16}}},"fnMap":{"0":{"name":"sum","decl":{"start":{"line":1,"column":16},"end":{"line":1,"column":19}},"loc":{"start":{"line":1,"column":38},"end":{"line":3,"column":1}}},"1":{"name":"(anonymous_1)","decl":{"start":{"line":2,"column":23},"end":{"line":2,"column":24}},"loc":{"start":{"line":2,"column":46},"end":{"line":2,"column":64}}},"2":{"name":"average","decl":{"start":{"line":5,"column":16},"end":{"line":5,"column":23}},"loc":{"start":{"line":5,"column":41},"end":{"line":7,"column":1}}}},"branchMap":{},"s":{"0":4,"1":8,"2":2,"3":2,"4":2},"f":{"0":4,"1":8,"2":2},"b":{}}
}
